nohup: ignoring input
==> Using settings Namespace(actions='*', ba_range_m=0.205, ba_range_w=0.165, batch_size=1024, blr_limit=0.1, blr_tanhlimit=0.2, checkpoint='./checkpoint/adaptpose', dataset='h36m', dataset_target='3dhp', decay_epoch=0, df=2, downsample=1, dropout=0.25, epochs=20, evaluate='', gloss_factorblr=1, gloss_factord2d=1, gloss_factord2d_temp=1, gloss_factord3d=6, gloss_factordiff=3, gloss_factordiv_ba=0.0, gloss_factordiv_rt=0.0, gloss_factorfeedback=0.001, gloss_factorfeedback_ba=0.1, gloss_factorfeedback_rt=0.01, hardratio_ba=5, hardratio_ba_s=3, hardratio_rt=17, hardratio_rt_s=17, hardratio_std_ba=2, hardratio_std_rt=15, keypoints='gt', keypoints_target='gt', lr_d=0.0001, lr_g=0.0001, lr_p=0.0001, max_norm=True, note='poseaug', num_workers=2, pad=13, posenet_name='videopose', pretrain=True, pretrain_path='./checkpoint/pretrain_baseline/videopose/gt/3dhp/ckpt_best.pth.tar', random_seed=0, resume='', s1only=False, snapshot=2, stages=4, warmup=2)
==> Main script, data_preparation() start ...
==> Loading 3D data from Human36mDataset ...
==> Loading 2D detections at data/data_2d_h36m_gt.npz ...
Generating 1559752 poses...
Generating 543344 poses...
pose_target_2d shape: (1666994, 16, 2)
Generating 1666994 poses...
Generating 1559752 poses...
Generating 1842302 poses...
TS1
TS2
TS3
TS4
TS5
TS6
Loaded target dataset 3dhp/h36m, test_shape: (24688, 16, 3)
Generating 24688 poses...
==> Main script, data_preparation() done ...
==> Main script, Creating PoseNet model start ...
create model: videopose
==> Total parameters for model videopose: 8.54M
==> Pretrained posenet loaded
create model: videopose
==> Total parameters for model videopose: 8.54M
==> Pretrained posenet loaded
==> Main script, Creating PoseNet model start ...
==> Main script, Creating PoseAug model start ...
==> Creating model...
==> Total parameters: 1.18M
==> Total parameters: 1.08M
==> Total parameters: 0.04M
==> Total parameters: 0.82M
==> Main script, Creating PoseAug model done ...
==> Main script, Making checkpoint dir: ./checkpoint/adaptpose/videopose/gt/2023-01-17T15:22:49.827613_poseaug

prepare buffer loader for train on fake pose
(127257, 27, 16, 3)
Generating 127257 poses...

prepare buffer loader for train on fake pose
(277015, 27, 16, 3)
Generating 277015 poses...

prepare buffer loader for train on fake pose
(287173, 27, 16, 3)
Generating 287173 poses...

prepare buffer loader for train on fake pose
(288903, 27, 16, 3)
Generating 288903 poses...

prepare buffer loader for train on fake pose
(288665, 27, 16, 3)
Generating 288665 poses...

Epoch: 1 | LR: 0.00009524
/home/data/yyc/.conda/envs/ap/lib/python3.6/site-packages/torch/optim/lr_scheduler.py:134: UserWarning: Detected call of `lr_scheduler.step()` before `optimizer.step()`. In PyTorch 1.1.0 and later, you should call them in the opposite order: `optimizer.step()` before `lr_scheduler.step()`.  Failure to do this will result in PyTorch skipping the first value of the learning rate schedule. See more details at https://pytorch.org/docs/stable/optim.html#how-to-adjust-learning-rate
  "https://pytorch.org/docs/stable/optim.html#how-to-adjust-learning-rate", UserWarning)

prepare buffer loader for train on fake pose
(290861, 27, 16, 3)
Generating 290861 poses...

prepare buffer loader for train on fake pose
(290215, 27, 16, 3)
Generating 290215 poses...

prepare buffer loader for train on fake pose
(292448, 27, 16, 3)
Generating 292448 poses...

prepare buffer loader for train on fake pose
(291090, 27, 16, 3)
Generating 291090 poses...

prepare buffer loader for train on fake pose
(289607, 27, 16, 3)
Generating 289607 poses...

Epoch: 2 | LR: 0.00009048

prepare buffer loader for train on fake pose
(292870, 27, 16, 3)
Generating 292870 poses...

prepare buffer loader for train on fake pose
(268720, 27, 16, 3)
Generating 268720 poses...

prepare buffer loader for train on fake pose
(268866, 27, 16, 3)
Generating 268866 poses...

prepare buffer loader for train on fake pose
(273318, 27, 16, 3)
Generating 273318 poses...
nohup: ignoring input

prepare buffer loader for train on fake pose
(255973, 27, 16, 3)
Generating 255973 poses...
==> Using settings Namespace(actions='*', ba_range_m=0.205, ba_range_w=0.165, batch_size=1024, blr_limit=0.1, blr_tanhlimit=0.2, checkpoint='./checkpoint/adaptpose', dataset='h36m', dataset_target='3dhp', decay_epoch=0, df=2, downsample=1, dropout=0.25, epochs=20, evaluate='', gloss_factorblr=1, gloss_factord2d=1, gloss_factord2d_temp=1, gloss_factord3d=6, gloss_factordiff=3, gloss_factordiv_ba=0.0, gloss_factordiv_rt=0.0, gloss_factorfeedback=0.001, gloss_factorfeedback_ba=0.1, gloss_factorfeedback_rt=0.01, hardratio_ba=5, hardratio_ba_s=3, hardratio_rt=17, hardratio_rt_s=17, hardratio_std_ba=2, hardratio_std_rt=15, keypoints='gt', keypoints_target='gt', lr_d=0.0001, lr_g=0.0001, lr_p=0.0001, max_norm=True, note='poseaug', num_workers=2, pad=13, posenet_name='videopose', pretrain=True, pretrain_path='./checkpoint/pretrain_baseline/videopose/gt/3dhp/ckpt_best.pth.tar', random_seed=0, resume='', s1only=False, snapshot=2, stages=4, warmup=2)
==> Main script, data_preparation() start ...
==> Loading 3D data from Human36mDataset ...
==> Loading 2D detections at data/data_2d_h36m_gt.npz ...
Generating 1559752 poses...
Generating 543344 poses...
pose_target_2d shape: (1666994, 16, 2)
Generating 1666994 poses...
Generating 1559752 poses...
Generating 1842302 poses...
TS1
TS2
TS3
TS4
TS5
TS6
Loaded target dataset 3dhp/h36m, test_shape: (24688, 16, 3)
Generating 24688 poses...
==> Main script, data_preparation() done ...
==> Main script, Creating PoseNet model start ...
create model: videopose
==> Total parameters for model videopose: 8.54M
==> Pretrained posenet loaded
create model: videopose
==> Total parameters for model videopose: 8.54M
==> Pretrained posenet loaded
==> Main script, Creating PoseNet model start ...
==> Main script, Creating PoseAug model start ...
==> Creating model...
==> Total parameters: 1.18M
==> Total parameters: 1.08M
==> Total parameters: 0.04M
==> Total parameters: 0.82M
==> Main script, Creating PoseAug model done ...
==> Main script, Making checkpoint dir: ./checkpoint/adaptpose/videopose/gt/2023-01-17T15:47:48.535010_poseaug

Epoch: 3 | LR: 0.00008571

prepare buffer loader for train on fake pose
(113611, 27, 16, 3)
Generating 113611 poses...

prepare buffer loader for train on fake pose
(260842, 27, 16, 3)
Generating 260842 poses...

prepare buffer loader for train on fake pose
(270923, 27, 16, 3)
Generating 270923 poses...

prepare buffer loader for train on fake pose
(286852, 27, 16, 3)
Generating 286852 poses...

prepare buffer loader for train on fake pose
(279245, 27, 16, 3)
Generating 279245 poses...

prepare buffer loader for train on fake pose
(288536, 27, 16, 3)
Generating 288536 poses...

prepare buffer loader for train on fake pose
(282845, 27, 16, 3)
Generating 282845 poses...

prepare buffer loader for train on fake pose
(288313, 27, 16, 3)
Generating 288313 poses...

Epoch: 1 | LR: 0.00009524
/home/data/yyc/.conda/envs/ap/lib/python3.6/site-packages/torch/optim/lr_scheduler.py:134: UserWarning: Detected call of `lr_scheduler.step()` before `optimizer.step()`. In PyTorch 1.1.0 and later, you should call them in the opposite order: `optimizer.step()` before `lr_scheduler.step()`.  Failure to do this will result in PyTorch skipping the first value of the learning rate schedule. See more details at https://pytorch.org/docs/stable/optim.html#how-to-adjust-learning-rate
  "https://pytorch.org/docs/stable/optim.html#how-to-adjust-learning-rate", UserWarning)

prepare buffer loader for train on fake pose
(280174, 27, 16, 3)
Generating 280174 poses...

prepare buffer loader for train on fake pose
(290910, 27, 16, 3)
Generating 290910 poses...

prepare buffer loader for train on fake pose
(288787, 27, 16, 3)
Generating 288787 poses...

prepare buffer loader for train on fake pose
(278851, 27, 16, 3)
Generating 278851 poses...

prepare buffer loader for train on fake pose
(289022, 27, 16, 3)
Generating 289022 poses...

Epoch: 4 | LR: 0.00008095

prepare buffer loader for train on fake pose
(290220, 27, 16, 3)
Generating 290220 poses...

prepare buffer loader for train on fake pose
(268516, 27, 16, 3)
Generating 268516 poses...

prepare buffer loader for train on fake pose
(286960, 27, 16, 3)
Generating 286960 poses...

Epoch: 2 | LR: 0.00009048

prepare buffer loader for train on fake pose
(282791, 27, 16, 3)
Generating 282791 poses...

prepare buffer loader for train on fake pose
(295598, 27, 16, 3)
Generating 295598 poses...

prepare buffer loader for train on fake pose
(283691, 27, 16, 3)
Generating 283691 poses...

prepare buffer loader for train on fake pose
(271218, 27, 16, 3)
Generating 271218 poses...

prepare buffer loader for train on fake pose
(284644, 27, 16, 3)
Generating 284644 poses...

prepare buffer loader for train on fake pose
(270983, 27, 16, 3)
Generating 270983 poses...

prepare buffer loader for train on fake pose
(280592, 27, 16, 3)
Generating 280592 poses...

prepare buffer loader for train on fake pose
(259836, 27, 16, 3)
Generating 259836 poses...

Epoch: 5 | LR: 0.00007619

prepare buffer loader for train on fake pose
(261311, 27, 16, 3)
Generating 261311 poses...

prepare buffer loader for train on fake pose
(277048, 27, 16, 3)
Generating 277048 poses...

Epoch: 3 | LR: 0.00008571

prepare buffer loader for train on fake pose
(283915, 27, 16, 3)
Generating 283915 poses...

prepare buffer loader for train on fake pose
(261839, 27, 16, 3)
Generating 261839 poses...

prepare buffer loader for train on fake pose
(282887, 27, 16, 3)
Generating 282887 poses...

prepare buffer loader for train on fake pose
(277492, 27, 16, 3)
Generating 277492 poses...

prepare buffer loader for train on fake pose
(282621, 27, 16, 3)
Generating 282621 poses...

prepare buffer loader for train on fake pose
(283695, 27, 16, 3)
Generating 283695 poses...

prepare buffer loader for train on fake pose
(284968, 27, 16, 3)
Generating 284968 poses...

prepare buffer loader for train on fake pose
(284406, 27, 16, 3)
Generating 284406 poses...

Epoch: 6 | LR: 0.00007143

prepare buffer loader for train on fake pose
(274414, 27, 16, 3)
Generating 274414 poses...

prepare buffer loader for train on fake pose
(282322, 27, 16, 3)
Generating 282322 poses...

Epoch: 4 | LR: 0.00008095

prepare buffer loader for train on fake pose
(283273, 27, 16, 3)
Generating 283273 poses...

prepare buffer loader for train on fake pose
(283685, 27, 16, 3)
Generating 283685 poses...

prepare buffer loader for train on fake pose
(285733, 27, 16, 3)
Generating 285733 poses...

prepare buffer loader for train on fake pose
(275459, 27, 16, 3)
Generating 275459 poses...

prepare buffer loader for train on fake pose
(284191, 27, 16, 3)
Generating 284191 poses...

prepare buffer loader for train on fake pose
(285952, 27, 16, 3)
Generating 285952 poses...

prepare buffer loader for train on fake pose
(282299, 27, 16, 3)
Generating 282299 poses...

prepare buffer loader for train on fake pose
(283650, 27, 16, 3)
Generating 283650 poses...

Epoch: 7 | LR: 0.00006667

prepare buffer loader for train on fake pose
(272761, 27, 16, 3)
Generating 272761 poses...

prepare buffer loader for train on fake pose
(282643, 27, 16, 3)
Generating 282643 poses...

Epoch: 5 | LR: 0.00007619

prepare buffer loader for train on fake pose
(279372, 27, 16, 3)
Generating 279372 poses...

prepare buffer loader for train on fake pose
(275448, 27, 16, 3)
Generating 275448 poses...

prepare buffer loader for train on fake pose
(281426, 27, 16, 3)
Generating 281426 poses...

prepare buffer loader for train on fake pose
(283719, 27, 16, 3)
Generating 283719 poses...

prepare buffer loader for train on fake pose
(283090, 27, 16, 3)
Generating 283090 poses...

prepare buffer loader for train on fake pose
(285403, 27, 16, 3)
Generating 285403 poses...

prepare buffer loader for train on fake pose
(282553, 27, 16, 3)
Generating 282553 poses...

prepare buffer loader for train on fake pose
(280748, 27, 16, 3)
Generating 280748 poses...

Epoch: 8 | LR: 0.00006190

prepare buffer loader for train on fake pose
(271331, 27, 16, 3)
Generating 271331 poses...

prepare buffer loader for train on fake pose
(283526, 27, 16, 3)
Generating 283526 poses...

prepare buffer loader for train on fake pose
(280512, 27, 16, 3)
Generating 280512 poses...

Epoch: 6 | LR: 0.00007143

prepare buffer loader for train on fake pose
(277730, 27, 16, 3)
Generating 277730 poses...

prepare buffer loader for train on fake pose
(282307, 27, 16, 3)
Generating 282307 poses...

prepare buffer loader for train on fake pose
(282166, 27, 16, 3)
Generating 282166 poses...

prepare buffer loader for train on fake pose
(281292, 27, 16, 3)
Generating 281292 poses...

prepare buffer loader for train on fake pose
(285438, 27, 16, 3)
Generating 285438 poses...

prepare buffer loader for train on fake pose
(284122, 27, 16, 3)
Generating 284122 poses...

prepare buffer loader for train on fake pose
(283729, 27, 16, 3)
Generating 283729 poses...

Epoch: 9 | LR: 0.00005714

prepare buffer loader for train on fake pose
(272863, 27, 16, 3)
Generating 272863 poses...

prepare buffer loader for train on fake pose
(283035, 27, 16, 3)
Generating 283035 poses...

prepare buffer loader for train on fake pose
(281533, 27, 16, 3)
Generating 281533 poses...

Epoch: 7 | LR: 0.00006667

prepare buffer loader for train on fake pose
(280620, 27, 16, 3)
Generating 280620 poses...

prepare buffer loader for train on fake pose
(283183, 27, 16, 3)
Generating 283183 poses...

prepare buffer loader for train on fake pose
(282641, 27, 16, 3)
Generating 282641 poses...

prepare buffer loader for train on fake pose
(283828, 27, 16, 3)
Generating 283828 poses...

prepare buffer loader for train on fake pose
(285494, 27, 16, 3)
Generating 285494 poses...

prepare buffer loader for train on fake pose
(284375, 27, 16, 3)
Generating 284375 poses...

Epoch: 10 | LR: 0.00005238

prepare buffer loader for train on fake pose
(284239, 27, 16, 3)
Generating 284239 poses...

prepare buffer loader for train on fake pose
(266507, 27, 16, 3)
Generating 266507 poses...

prepare buffer loader for train on fake pose
(281750, 27, 16, 3)
Generating 281750 poses...

prepare buffer loader for train on fake pose
(277022, 27, 16, 3)
Generating 277022 poses...

Epoch: 8 | LR: 0.00006190

prepare buffer loader for train on fake pose
(275252, 27, 16, 3)
Generating 275252 poses...

prepare buffer loader for train on fake pose
(284068, 27, 16, 3)
Generating 284068 poses...

prepare buffer loader for train on fake pose
(278358, 27, 16, 3)
Generating 278358 poses...

prepare buffer loader for train on fake pose
(283609, 27, 16, 3)
Generating 283609 poses...

prepare buffer loader for train on fake pose
(282562, 27, 16, 3)
Generating 282562 poses...

prepare buffer loader for train on fake pose
(284174, 27, 16, 3)
Generating 284174 poses...

Epoch: 11 | LR: 0.00004762

prepare buffer loader for train on fake pose
(283919, 27, 16, 3)
Generating 283919 poses...

prepare buffer loader for train on fake pose
(272009, 27, 16, 3)
Generating 272009 poses...

prepare buffer loader for train on fake pose
(284211, 27, 16, 3)
Generating 284211 poses...

prepare buffer loader for train on fake pose
(278547, 27, 16, 3)
Generating 278547 poses...

Epoch: 9 | LR: 0.00005714

prepare buffer loader for train on fake pose
(264187, 27, 16, 3)
Generating 264187 poses...

prepare buffer loader for train on fake pose
(285166, 27, 16, 3)
Generating 285166 poses...

prepare buffer loader for train on fake pose
(270269, 27, 16, 3)
Generating 270269 poses...

prepare buffer loader for train on fake pose
(283654, 27, 16, 3)
Generating 283654 poses...

prepare buffer loader for train on fake pose
(280809, 27, 16, 3)
Generating 280809 poses...

prepare buffer loader for train on fake pose
(283897, 27, 16, 3)
Generating 283897 poses...

prepare buffer loader for train on fake pose
(281296, 27, 16, 3)
Generating 281296 poses...

Epoch: 12 | LR: 0.00004286

prepare buffer loader for train on fake pose
(271964, 27, 16, 3)
Generating 271964 poses...

prepare buffer loader for train on fake pose
(284379, 27, 16, 3)
Generating 284379 poses...

prepare buffer loader for train on fake pose
(282506, 27, 16, 3)
Generating 282506 poses...

Epoch: 10 | LR: 0.00005238

prepare buffer loader for train on fake pose
(265735, 27, 16, 3)
Generating 265735 poses...

prepare buffer loader for train on fake pose
(283999, 27, 16, 3)
Generating 283999 poses...

prepare buffer loader for train on fake pose
(276048, 27, 16, 3)
Generating 276048 poses...

prepare buffer loader for train on fake pose
(284711, 27, 16, 3)
Generating 284711 poses...

prepare buffer loader for train on fake pose
(282021, 27, 16, 3)
Generating 282021 poses...

prepare buffer loader for train on fake pose
(286441, 27, 16, 3)
Generating 286441 poses...

prepare buffer loader for train on fake pose
(283979, 27, 16, 3)
Generating 283979 poses...

Epoch: 13 | LR: 0.00003810

prepare buffer loader for train on fake pose
(274318, 27, 16, 3)
Generating 274318 poses...

prepare buffer loader for train on fake pose
(283730, 27, 16, 3)
Generating 283730 poses...

Epoch: 11 | LR: 0.00004762

prepare buffer loader for train on fake pose
(282284, 27, 16, 3)
Generating 282284 poses...

prepare buffer loader for train on fake pose
(268294, 27, 16, 3)
Generating 268294 poses...

prepare buffer loader for train on fake pose
(284149, 27, 16, 3)
Generating 284149 poses...

prepare buffer loader for train on fake pose
(274640, 27, 16, 3)
Generating 274640 poses...

prepare buffer loader for train on fake pose
(283662, 27, 16, 3)
Generating 283662 poses...

prepare buffer loader for train on fake pose
(281272, 27, 16, 3)
Generating 281272 poses...

prepare buffer loader for train on fake pose
(283987, 27, 16, 3)
Generating 283987 poses...

prepare buffer loader for train on fake pose
(285027, 27, 16, 3)
Generating 285027 poses...

Epoch: 14 | LR: 0.00003333

prepare buffer loader for train on fake pose
(274178, 27, 16, 3)
Generating 274178 poses...

prepare buffer loader for train on fake pose
(282074, 27, 16, 3)
Generating 282074 poses...

Epoch: 12 | LR: 0.00004286

prepare buffer loader for train on fake pose
(279348, 27, 16, 3)
Generating 279348 poses...

prepare buffer loader for train on fake pose
(263833, 27, 16, 3)
Generating 263833 poses...

prepare buffer loader for train on fake pose
(284035, 27, 16, 3)
Generating 284035 poses...

prepare buffer loader for train on fake pose
(268628, 27, 16, 3)
Generating 268628 poses...

prepare buffer loader for train on fake pose
(283698, 27, 16, 3)
Generating 283698 poses...

prepare buffer loader for train on fake pose
(281055, 27, 16, 3)
Generating 281055 poses...

prepare buffer loader for train on fake pose
(284008, 27, 16, 3)
Generating 284008 poses...

prepare buffer loader for train on fake pose
(282289, 27, 16, 3)
Generating 282289 poses...

Epoch: 15 | LR: 0.00002857

prepare buffer loader for train on fake pose
(270745, 27, 16, 3)
Generating 270745 poses...

prepare buffer loader for train on fake pose
(283931, 27, 16, 3)
Generating 283931 poses...

Epoch: 13 | LR: 0.00003810

prepare buffer loader for train on fake pose
(279156, 27, 16, 3)
Generating 279156 poses...

prepare buffer loader for train on fake pose
(265056, 27, 16, 3)
Generating 265056 poses...

prepare buffer loader for train on fake pose
(284829, 27, 16, 3)
Generating 284829 poses...

prepare buffer loader for train on fake pose
(273460, 27, 16, 3)
Generating 273460 poses...

prepare buffer loader for train on fake pose
(284813, 27, 16, 3)
Generating 284813 poses...

prepare buffer loader for train on fake pose
(280458, 27, 16, 3)
Generating 280458 poses...

prepare buffer loader for train on fake pose
(284412, 27, 16, 3)
Generating 284412 poses...

prepare buffer loader for train on fake pose
(283910, 27, 16, 3)
Generating 283910 poses...

Epoch: 16 | LR: 0.00002381

prepare buffer loader for train on fake pose
(283439, 27, 16, 3)
Generating 283439 poses...

Epoch: 14 | LR: 0.00003333
nohup: ignoring input
==> Using settings Namespace(actions='*', ba_range_m=0.205, ba_range_w=0.165, batch_size=1024, blr_limit=0.1, blr_tanhlimit=0.2, checkpoint='./checkpoint/adaptpose', dataset='h36m', dataset_target='3dhp', decay_epoch=0, df=2, downsample=1, dropout=0.25, epochs=20, evaluate='', gloss_factorblr=1, gloss_factord2d=1, gloss_factord2d_temp=1, gloss_factord3d=6, gloss_factordiff=3, gloss_factordiv_ba=0.0, gloss_factordiv_rt=0.0, gloss_factorfeedback=0.001, gloss_factorfeedback_ba=0.1, gloss_factorfeedback_rt=0.01, hardratio_ba=5, hardratio_ba_s=3, hardratio_rt=17, hardratio_rt_s=17, hardratio_std_ba=2, hardratio_std_rt=15, keypoints='gt', keypoints_target='gt', lr_d=0.0001, lr_g=0.0001, lr_p=0.0001, max_norm=True, note='poseaug', num_workers=2, pad=13, posenet_name='videopose', pretrain=True, pretrain_path='./checkpoint/pretrain_baseline/videopose/gt/3dhp/ckpt_best.pth.tar', random_seed=0, resume='', s1only=False, snapshot=2, stages=4, warmup=2)
==> Main script, data_preparation() start ...
==> Loading 3D data from Human36mDataset ...
==> Loading 2D detections at data/data_2d_h36m_gt.npz ...
Generating 1559752 poses...
Generating 543344 poses...
pose_target_2d shape: (1666994, 16, 2)
Generating 1666994 poses...
Generating 1559752 poses...
Generating 1842302 poses...
TS1
TS2
TS3
TS4
TS5
TS6
Loaded target dataset 3dhp/h36m, test_shape: (24688, 16, 3)
Generating 24688 poses...
==> Main script, data_preparation() done ...
==> Main script, Creating PoseNet model start ...
create model: videopose
==> Total parameters for model videopose: 8.54M
==> Pretrained posenet loaded
create model: videopose
==> Total parameters for model videopose: 8.54M
==> Pretrained posenet loaded
==> Main script, Creating PoseNet model start ...
==> Main script, Creating PoseAug model start ...
==> Creating model...
==> Total parameters: 1.18M
==> Total parameters: 1.08M
==> Total parameters: 0.04M
==> Total parameters: 0.82M
==> Main script, Creating PoseAug model done ...
==> Main script, Making checkpoint dir: ./checkpoint/adaptpose/videopose/gt/2023-01-18T10:34:28.469335_poseaug

prepare buffer loader for train on fake pose
(113611, 27, 16, 3)
Generating 113611 poses...

prepare buffer loader for train on fake pose
(270923, 27, 16, 3)
Generating 270923 poses...

prepare buffer loader for train on fake pose
(286852, 27, 16, 3)
Generating 286852 poses...

prepare buffer loader for train on fake pose
(288536, 27, 16, 3)
Generating 288536 poses...

prepare buffer loader for train on fake pose
(288313, 27, 16, 3)
Generating 288313 poses...

Epoch: 1 | LR: 0.00009524
/home/data/yyc/.conda/envs/ap/lib/python3.6/site-packages/torch/optim/lr_scheduler.py:134: UserWarning: Detected call of `lr_scheduler.step()` before `optimizer.step()`. In PyTorch 1.1.0 and later, you should call them in the opposite order: `optimizer.step()` before `lr_scheduler.step()`.  Failure to do this will result in PyTorch skipping the first value of the learning rate schedule. See more details at https://pytorch.org/docs/stable/optim.html#how-to-adjust-learning-rate
  "https://pytorch.org/docs/stable/optim.html#how-to-adjust-learning-rate", UserWarning)

prepare buffer loader for train on fake pose
(290910, 27, 16, 3)
Generating 290910 poses...

prepare buffer loader for train on fake pose
(288787, 27, 16, 3)
Generating 288787 poses...

prepare buffer loader for train on fake pose
(289022, 27, 16, 3)
Generating 289022 poses...

prepare buffer loader for train on fake pose
(290220, 27, 16, 3)
Generating 290220 poses...

prepare buffer loader for train on fake pose
(286960, 27, 16, 3)
Generating 286960 poses...

Epoch: 2 | LR: 0.00009048

prepare buffer loader for train on fake pose
(295598, 27, 16, 3)
Generating 295598 poses...

prepare buffer loader for train on fake pose
(271218, 27, 16, 3)
Generating 271218 poses...

prepare buffer loader for train on fake pose
(270983, 27, 16, 3)
Generating 270983 poses...

prepare buffer loader for train on fake pose
(259836, 27, 16, 3)
Generating 259836 poses...

prepare buffer loader for train on fake pose
(261311, 27, 16, 3)
Generating 261311 poses...

Epoch: 3 | LR: 0.00008571

prepare buffer loader for train on fake pose
(261839, 27, 16, 3)
Generating 261839 poses...

prepare buffer loader for train on fake pose
(277492, 27, 16, 3)
Generating 277492 poses...

prepare buffer loader for train on fake pose
(283695, 27, 16, 3)
Generating 283695 poses...

prepare buffer loader for train on fake pose
(284406, 27, 16, 3)
Generating 284406 poses...

prepare buffer loader for train on fake pose
(282322, 27, 16, 3)
Generating 282322 poses...

Epoch: 4 | LR: 0.00008095

prepare buffer loader for train on fake pose
(283685, 27, 16, 3)
Generating 283685 poses...

prepare buffer loader for train on fake pose
(275459, 27, 16, 3)
Generating 275459 poses...

prepare buffer loader for train on fake pose
(285952, 27, 16, 3)
Generating 285952 poses...

prepare buffer loader for train on fake pose
(283650, 27, 16, 3)
Generating 283650 poses...

prepare buffer loader for train on fake pose
(282643, 27, 16, 3)
Generating 282643 poses...

Epoch: 5 | LR: 0.00007619

prepare buffer loader for train on fake pose
(275448, 27, 16, 3)
Generating 275448 poses...

prepare buffer loader for train on fake pose
(283719, 27, 16, 3)
Generating 283719 poses...

prepare buffer loader for train on fake pose
(285403, 27, 16, 3)
Generating 285403 poses...

prepare buffer loader for train on fake pose
(280748, 27, 16, 3)
Generating 280748 poses...

prepare buffer loader for train on fake pose
(283526, 27, 16, 3)
Generating 283526 poses...

Epoch: 6 | LR: 0.00007143

prepare buffer loader for train on fake pose
(277730, 27, 16, 3)
Generating 277730 poses...

prepare buffer loader for train on fake pose
(282166, 27, 16, 3)
Generating 282166 poses...

prepare buffer loader for train on fake pose
(285438, 27, 16, 3)
Generating 285438 poses...

prepare buffer loader for train on fake pose
(283729, 27, 16, 3)
Generating 283729 poses...

prepare buffer loader for train on fake pose
(283035, 27, 16, 3)
Generating 283035 poses...

Epoch: 7 | LR: 0.00006667

prepare buffer loader for train on fake pose
(280620, 27, 16, 3)
Generating 280620 poses...

prepare buffer loader for train on fake pose
(282641, 27, 16, 3)
Generating 282641 poses...

prepare buffer loader for train on fake pose
(285494, 27, 16, 3)
Generating 285494 poses...

prepare buffer loader for train on fake pose
(284239, 27, 16, 3)
Generating 284239 poses...

prepare buffer loader for train on fake pose
(281750, 27, 16, 3)
Generating 281750 poses...

Epoch: 8 | LR: 0.00006190

prepare buffer loader for train on fake pose
(275252, 27, 16, 3)
Generating 275252 poses...

prepare buffer loader for train on fake pose
(278358, 27, 16, 3)
Generating 278358 poses...

prepare buffer loader for train on fake pose
(282562, 27, 16, 3)
Generating 282562 poses...

prepare buffer loader for train on fake pose
(283919, 27, 16, 3)
Generating 283919 poses...

prepare buffer loader for train on fake pose
(284211, 27, 16, 3)
Generating 284211 poses...

Epoch: 9 | LR: 0.00005714

prepare buffer loader for train on fake pose
(264187, 27, 16, 3)
Generating 264187 poses...

prepare buffer loader for train on fake pose
(270269, 27, 16, 3)
Generating 270269 poses...

prepare buffer loader for train on fake pose
(280809, 27, 16, 3)
Generating 280809 poses...

prepare buffer loader for train on fake pose
(281296, 27, 16, 3)
Generating 281296 poses...

prepare buffer loader for train on fake pose
(284379, 27, 16, 3)
Generating 284379 poses...

Epoch: 10 | LR: 0.00005238

prepare buffer loader for train on fake pose
(265735, 27, 16, 3)
Generating 265735 poses...

prepare buffer loader for train on fake pose
(276048, 27, 16, 3)
Generating 276048 poses...

prepare buffer loader for train on fake pose
(282021, 27, 16, 3)
Generating 282021 poses...

prepare buffer loader for train on fake pose
(283979, 27, 16, 3)
Generating 283979 poses...

prepare buffer loader for train on fake pose
(283730, 27, 16, 3)
Generating 283730 poses...

Epoch: 11 | LR: 0.00004762

prepare buffer loader for train on fake pose
(268294, 27, 16, 3)
Generating 268294 poses...

prepare buffer loader for train on fake pose
(274640, 27, 16, 3)
Generating 274640 poses...

prepare buffer loader for train on fake pose
(281272, 27, 16, 3)
Generating 281272 poses...

prepare buffer loader for train on fake pose
(285027, 27, 16, 3)
Generating 285027 poses...

prepare buffer loader for train on fake pose
(282074, 27, 16, 3)
Generating 282074 poses...

Epoch: 12 | LR: 0.00004286

prepare buffer loader for train on fake pose
(263833, 27, 16, 3)
Generating 263833 poses...

prepare buffer loader for train on fake pose
(268628, 27, 16, 3)
Generating 268628 poses...

prepare buffer loader for train on fake pose
(281055, 27, 16, 3)
Generating 281055 poses...

prepare buffer loader for train on fake pose
(282289, 27, 16, 3)
Generating 282289 poses...

prepare buffer loader for train on fake pose
(283931, 27, 16, 3)
Generating 283931 poses...

Epoch: 13 | LR: 0.00003810

prepare buffer loader for train on fake pose
(265056, 27, 16, 3)
Generating 265056 poses...

prepare buffer loader for train on fake pose
(273460, 27, 16, 3)
Generating 273460 poses...

prepare buffer loader for train on fake pose
(280458, 27, 16, 3)
Generating 280458 poses...

prepare buffer loader for train on fake pose
(283910, 27, 16, 3)
Generating 283910 poses...

prepare buffer loader for train on fake pose
(283439, 27, 16, 3)
Generating 283439 poses...

Epoch: 14 | LR: 0.00003333
